<?xml version="1.0" encoding="UTF-8"?>
<testng-results skipped="0" failed="0" total="1" passed="1">
  <reporter-output>
  </reporter-output>
  <suite name="Suite1" duration-ms="4623" started-at="2017-02-21T15:31:22Z" finished-at="2017-02-21T15:31:26Z">
    <groups>
    </groups>
    <test name="test" duration-ms="4623" started-at="2017-02-21T15:31:22Z" finished-at="2017-02-21T15:31:26Z">
      <class name="TestCases">
        <test-method status="PASS" signature="before()[pri:0, instance:TestCases@6e8dacdf]" name="before" is-config="true" duration-ms="3227" started-at="2017-02-21T17:31:22Z" finished-at="2017-02-21T17:31:25Z">
          <reporter-output>
          </reporter-output>
        </test-method> <!-- before -->
        <test-method status="PASS" signature="test()[pri:0, instance:TestCases@6e8dacdf]" name="test" duration-ms="1385" started-at="2017-02-21T17:31:25Z" finished-at="2017-02-21T17:31:26Z">
          <reporter-output>
          </reporter-output>
        </test-method> <!-- test -->
      </class> <!-- TestCases -->
    </test> <!-- test -->
  </suite> <!-- Suite1 -->
</testng-results>
